#
# A fatal error has been detected by the Java Runtime Environment:
#
#  Internal Error (os_windows_x86.cpp:149), pid=1548, tid=4868
#  guarantee(result == EXCEPTION_CONTINUE_EXECUTION) failed: Unexpected result from topLevelExceptionFilter
#
# JRE version: 7.0_21-b11
# Java VM: Java HotSpot(TM) 64-Bit Server VM (23.21-b01 mixed mode windows-amd64 compressed oops)
# Failed to write core dump. Minidumps are not enabled by default on client versions of Windows
#
# If you would like to submit a bug report, please visit:
#   http://bugreport.sun.com/bugreport/crash.jsp
# The crash happened outside the Java Virtual Machine in native code.
# See problematic frame for where to report the bug.
#

---------------  T H R E A D  ---------------

Current thread (0x000000000088d800):  JavaThread "main" [_thread_in_native, id=4868, stack(0x0000000002030000,0x0000000002130000)]

Stack: [0x0000000002030000,0x0000000002130000]
Java frames: (J=compiled Java code, j=interpreted, Vv=VM code)
j  com.leapmotion.leap.LeapJNI.new_Listener()J+0
j  com.leapmotion.leap.Listener.<init>()V+1
j  SampleListener.<init>()V+1
j  Sample.main([Ljava/lang/String;)V+4
v  ~StubRoutines::call_stub

---------------  P R O C E S S  ---------------

Java Threads: ( => current thread )
  0x0000000008683800 JavaThread "Service Thread" daemon [_thread_blocked, id=5576, stack(0x0000000009e30000,0x0000000009f30000)]
  0x000000000867b000 JavaThread "C2 CompilerThread1" daemon [_thread_blocked, id=1796, stack(0x0000000009d30000,0x0000000009e30000)]
  0x0000000008670800 JavaThread "C2 CompilerThread0" daemon [_thread_blocked, id=2452, stack(0x0000000009c30000,0x0000000009d30000)]
  0x000000000866d800 JavaThread "Attach Listener" daemon [_thread_blocked, id=2468, stack(0x0000000009b30000,0x0000000009c30000)]
  0x000000000866a000 JavaThread "Signal Dispatcher" daemon [_thread_blocked, id=6376, stack(0x0000000009a30000,0x0000000009b30000)]
  0x0000000008606000 JavaThread "Finalizer" daemon [_thread_blocked, id=6232, stack(0x0000000009930000,0x0000000009a30000)]
  0x00000000085fd800 JavaThread "Reference Handler" daemon [_thread_blocked, id=6620, stack(0x0000000009830000,0x0000000009930000)]
=>0x000000000088d800 JavaThread "main" [_thread_in_native, id=4868, stack(0x0000000002030000,0x0000000002130000)]

Other Threads:
  0x00000000085f3000 VMThread [stack: 0x0000000009730000,0x0000000009830000] [id=5992]
  0x000000000869c800 WatcherThread [stack: 0x0000000009f30000,0x000000000a030000] [id=4448]

VM state:not at safepoint (normal execution)

VM Mutex/Monitor currently owned by a thread: None

Heap
 PSYoungGen      total 18560K, used 1275K [0x00000000eb4b0000, 0x00000000ec960000, 0x0000000100000000)
  eden space 15936K, 8% used [0x00000000eb4b0000,0x00000000eb5eed10,0x00000000ec440000)
  from space 2624K, 0% used [0x00000000ec6d0000,0x00000000ec6d0000,0x00000000ec960000)
  to   space 2624K, 0% used [0x00000000ec440000,0x00000000ec440000,0x00000000ec6d0000)
 ParOldGen       total 42432K, used 0K [0x00000000c1e00000, 0x00000000c4770000, 0x00000000eb4b0000)
  object space 42432K, 0% used [0x00000000c1e00000,0x00000000c1e00000,0x00000000c4770000)
 PSPermGen       total 21248K, used 4222K [0x00000000bcc00000, 0x00000000be0c0000, 0x00000000c1e00000)
  object space 21248K, 19% used [0x00000000bcc00000,0x00000000bd01fb98,0x00000000be0c0000)

Card table byte_map: [0x00000000053b0000,0x00000000055d0000] byte_map_base: 0x0000000004dca000

Polling page: 0x0000000000870000

Code Cache  [0x00000000022f0000, 0x0000000002560000, 0x00000000052f0000)
 total_blobs=236 nmethods=8 adapters=180 free_code_cache=48734Kb largest_free_block=49889920

Compilation events (10 events):
Event: 0.150 Thread 0x000000000867b000    4             java.math.BigInteger::mulAdd (81 bytes)
Event: 0.154 Thread 0x000000000867b000 nmethod 4 0x0000000002357c50 code [0x0000000002357d80, 0x0000000002357ef8]
Event: 0.156 Thread 0x0000000008670800    5             sun.security.provider.SHA::implCompress (491 bytes)
Event: 0.161 Thread 0x000000000867b000    6             java.lang.CharacterData::of (120 bytes)
Event: 0.162 Thread 0x000000000867b000 nmethod 6 0x0000000002357fd0 code [0x0000000002358120, 0x00000000023581d8]
Event: 0.162 Thread 0x000000000867b000    7             java.lang.CharacterDataLatin1::getProperties (11 bytes)
Event: 0.162 Thread 0x000000000867b000 nmethod 7 0x00000000023582d0 code [0x0000000002358400, 0x0000000002358478]
Event: 0.173 Thread 0x0000000008670800 nmethod 5 0x0000000002355a10 code [0x0000000002355b60, 0x0000000002356528]
Event: 0.175 Thread 0x000000000867b000    8             java.lang.String::charAt (29 bytes)
Event: 0.175 Thread 0x000000000867b000 nmethod 8 0x0000000002358a50 code [0x0000000002358b80, 0x0000000002358c18]

GC Heap History (0 events):
No events

Deoptimization events (0 events):
No events

Internal exceptions (5 events):
Event: 0.033 Thread 0x000000000088d800 Threw 0x00000000eb4b61b0 at C:\jdk7u2_64p\jdk7u21\hotspot\src\share\vm\prims\jni.cpp:3994
Event: 0.070 Thread 0x000000000088d800 Threw 0x00000000eb4fc538 at C:\jdk7u2_64p\jdk7u21\hotspot\src\share\vm\prims\jvm.cpp:1166
Event: 0.075 Thread 0x000000000088d800 Threw 0x00000000eb501c40 at C:\jdk7u2_64p\jdk7u21\hotspot\src\share\vm\prims\jvm.cpp:1166
Event: 0.165 Thread 0x000000000088d800 Threw 0x00000000eb5ce590 at C:\jdk7u2_64p\jdk7u21\hotspot\src\share\vm\prims\jvm.cpp:1166
Event: 0.166 Thread 0x000000000088d800 Threw 0x00000000eb5d2798 at C:\jdk7u2_64p\jdk7u21\hotspot\src\share\vm\prims\jvm.cpp:1166

Events (10 events):
Event: 0.165 loading class 0x00000000022dc810
Event: 0.165 loading class 0x00000000022dc810 done
Event: 0.165 loading class 0x000000000223a450
Event: 0.165 loading class 0x000000000223a450 done
Event: 0.166 loading class 0x000000000a0aaaf0
Event: 0.166 loading class 0x000000000a0aaaf0 done
Event: 0.174 loading class 0x000000000223a010
Event: 0.174 loading class 0x000000000223a010 done
Event: 0.174 loading class 0x00000000022dca80
Event: 0.174 loading class 0x00000000022dca80 done


Dynamic libraries:
0x000007f655ad0000 - 0x000007f655b03000 	C:\Program Files\Java\jre7\bin\javaw.exe
0x000007fc2a080000 - 0x000007fc2a240000 	C:\windows\SYSTEM32\ntdll.dll
0x000007fc27af0000 - 0x000007fc27c26000 	C:\windows\system32\KERNEL32.DLL
0x000007fc27010000 - 0x000007fc27103000 	C:\windows\system32\KERNELBASE.dll
0x000007fc29a50000 - 0x000007fc29b2e000 	C:\windows\system32\ADVAPI32.dll
0x000007fc29420000 - 0x000007fc2956c000 	C:\windows\system32\USER32.dll
0x000007fc24570000 - 0x000007fc247da000 	C:\windows\WinSxS\amd64_microsoft.windows.common-controls_6595b64144ccf1df_6.0.9200.16579_none_418ab7ef718b27ef\COMCTL32.dll
0x000007fc27550000 - 0x000007fc275f5000 	C:\windows\system32\msvcrt.dll
0x000007fc27aa0000 - 0x000007fc27ae8000 	C:\windows\SYSTEM32\sechost.dll
0x000007fc278f0000 - 0x000007fc27a30000 	C:\windows\system32\RPCRT4.dll
0x000007fc29900000 - 0x000007fc29a41000 	C:\windows\system32\GDI32.dll
0x000007fc29da0000 - 0x000007fc29dd9000 	C:\windows\system32\IMM32.DLL
0x000007fc29de0000 - 0x000007fc29ef5000 	C:\windows\system32\MSCTF.dll
0x000000006fef0000 - 0x000000006ffc1000 	C:\Program Files\Java\jre7\bin\msvcr100.dll
0x000000006f7c0000 - 0x000000006fee1000 	C:\Program Files\Java\jre7\bin\server\jvm.dll
0x000007fc24c00000 - 0x000007fc24c09000 	C:\windows\SYSTEM32\WSOCK32.dll
0x000007fc201e0000 - 0x000007fc20200000 	C:\windows\SYSTEM32\WINMM.dll
0x000007fc27c30000 - 0x000007fc27c37000 	C:\windows\system32\PSAPI.DLL
0x000007fc27890000 - 0x000007fc278e8000 	C:\windows\system32\WS2_32.dll
0x000007fc1fff0000 - 0x000007fc20022000 	C:\windows\SYSTEM32\WINMMBASE.dll
0x000007fc29b30000 - 0x000007fc29b39000 	C:\windows\system32\NSI.dll
0x000000006f7b0000 - 0x000000006f7bf000 	C:\Program Files\Java\jre7\bin\verify.dll
0x000000006f780000 - 0x000000006f7a8000 	C:\Program Files\Java\jre7\bin\java.dll
0x000000006f760000 - 0x000000006f775000 	C:\Program Files\Java\jre7\bin\zip.dll
0x000007fc1a180000 - 0x000007fc1a1a7000 	C:\Users\Arjun\Documents\GitHub\leapTouch\LeapJava.dll
0x000000006ffd0000 - 0x0000000070068000 	C:\windows\SYSTEM32\MSVCP100.dll

VM Arguments:
jvm_args: -Dfile.encoding=Cp1252 
java_command: Sample
Launcher Type: SUN_STANDARD

Environment Variables:
PATH=C:\Program Files (x86)\Intel\iCLS Client\;C:\Program Files\Intel\iCLS Client\;C:\windows\system32;C:\windows;C:\windows\System32\Wbem;C:\windows\System32\WindowsPowerShell\v1.0\;C:\Program Files\Intel\Intel(R) Management Engine Components\DAL;C:\Program Files\Intel\Intel(R) Management Engine Components\IPT;C:\Program Files (x86)\Intel\Intel(R) Management Engine Components\DAL;C:\Program Files (x86)\Intel\Intel(R) Management Engine Components\IPT;C:\Program Files (x86)\Intel\OpenCL SDK\2.0\bin\x86;C:\Program Files (x86)\Intel\OpenCL SDK\2.0\bin\x64;C:\Program Files (x86)\Windows Kits\8.0\Windows Performance Toolkit\;C:\Program Files\Microsoft SQL Server\110\Tools\Binn\;C:\Program Files (x86)\Google\google_appengine\
USERNAME=Arjun
OS=Windows_NT
PROCESSOR_IDENTIFIER=Intel64 Family 6 Model 58 Stepping 9, GenuineIntel



---------------  S Y S T E M  ---------------

OS: Windows 8 , 64 bit Build 9200 

CPU:total 4 (2 cores per cpu, 2 threads per core) family 6 model 58 stepping 9, cmov, cx8, fxsr, mmx, sse, sse2, sse3, ssse3, sse4.1, sse4.2, popcnt, avx, ht, tsc, tscinvbit, tscinv

Memory: 4k page, physical 4070676k(1647256k free), swap 4791572k(1823508k free)

vm_info: Java HotSpot(TM) 64-Bit Server VM (23.21-b01) for windows-amd64 JRE (1.7.0_21-b11), built on Apr  4 2013 08:11:28 by "java_re" with unknown MS VC++:1600

time: Sat Jul 27 21:42:34 2013
elapsed time: 0 seconds

