#
# A fatal error has been detected by the Java Runtime Environment:
#
#  Internal Error (os_windows_x86.cpp:149), pid=6044, tid=3832
#  guarantee(result == EXCEPTION_CONTINUE_EXECUTION) failed: Unexpected result from topLevelExceptionFilter
#
# JRE version: 7.0_21-b11
# Java VM: Java HotSpot(TM) 64-Bit Server VM (23.21-b01 mixed mode windows-amd64 compressed oops)
# Failed to write core dump. Minidumps are not enabled by default on client versions of Windows
#
# If you would like to submit a bug report, please visit:
#   http://bugreport.sun.com/bugreport/crash.jsp
# The crash happened outside the Java Virtual Machine in native code.
# See problematic frame for where to report the bug.
#

---------------  T H R E A D  ---------------

Current thread (0x00000000029fd800):  JavaThread "main" [_thread_in_native, id=3832, stack(0x0000000002a00000,0x0000000002b00000)]

Stack: [0x0000000002a00000,0x0000000002b00000]
Java frames: (J=compiled Java code, j=interpreted, Vv=VM code)
j  com.leapmotion.leap.LeapJNI.new_Listener()J+0
j  com.leapmotion.leap.Listener.<init>()V+1
j  SampleListener.<init>()V+1
j  Sample.main([Ljava/lang/String;)V+4
v  ~StubRoutines::call_stub

---------------  P R O C E S S  ---------------

Java Threads: ( => current thread )
  0x0000000008f93800 JavaThread "Service Thread" daemon [_thread_blocked, id=6384, stack(0x000000000a740000,0x000000000a840000)]
  0x0000000008f89000 JavaThread "C2 CompilerThread1" daemon [_thread_blocked, id=6604, stack(0x000000000a640000,0x000000000a740000)]
  0x0000000008f81000 JavaThread "C2 CompilerThread0" daemon [_thread_blocked, id=2928, stack(0x000000000a540000,0x000000000a640000)]
  0x0000000008f7d800 JavaThread "Attach Listener" daemon [_thread_blocked, id=6108, stack(0x000000000a440000,0x000000000a540000)]
  0x0000000008f7a000 JavaThread "Signal Dispatcher" daemon [_thread_blocked, id=7044, stack(0x000000000a340000,0x000000000a440000)]
  0x0000000008f16000 JavaThread "Finalizer" daemon [_thread_blocked, id=6740, stack(0x000000000a240000,0x000000000a340000)]
  0x0000000008f0d800 JavaThread "Reference Handler" daemon [_thread_blocked, id=3140, stack(0x000000000a140000,0x000000000a240000)]
=>0x00000000029fd800 JavaThread "main" [_thread_in_native, id=3832, stack(0x0000000002a00000,0x0000000002b00000)]

Other Threads:
  0x0000000008f03000 VMThread [stack: 0x000000000a040000,0x000000000a140000] [id=3480]
  0x0000000008faf000 WatcherThread [stack: 0x000000000a840000,0x000000000a940000] [id=6288]

VM state:not at safepoint (normal execution)

VM Mutex/Monitor currently owned by a thread: None

Heap
 PSYoungGen      total 18560K, used 1275K [0x00000000eb4b0000, 0x00000000ec960000, 0x0000000100000000)
  eden space 15936K, 8% used [0x00000000eb4b0000,0x00000000eb5eed08,0x00000000ec440000)
  from space 2624K, 0% used [0x00000000ec6d0000,0x00000000ec6d0000,0x00000000ec960000)
  to   space 2624K, 0% used [0x00000000ec440000,0x00000000ec440000,0x00000000ec6d0000)
 ParOldGen       total 42432K, used 0K [0x00000000c1e00000, 0x00000000c4770000, 0x00000000eb4b0000)
  object space 42432K, 0% used [0x00000000c1e00000,0x00000000c1e00000,0x00000000c4770000)
 PSPermGen       total 21248K, used 4222K [0x00000000bcc00000, 0x00000000be0c0000, 0x00000000c1e00000)
  object space 21248K, 19% used [0x00000000bcc00000,0x00000000bd01fb98,0x00000000be0c0000)

Card table byte_map: [0x0000000005cc0000,0x0000000005ee0000] byte_map_base: 0x00000000056da000

Polling page: 0x0000000002980000

Code Cache  [0x0000000002c00000, 0x0000000002e70000, 0x0000000005c00000)
 total_blobs=236 nmethods=8 adapters=180 free_code_cache=48734Kb largest_free_block=49890752

Compilation events (10 events):
Event: 0.129 Thread 0x0000000008f89000    4             java.math.BigInteger::mulAdd (81 bytes)
Event: 0.132 Thread 0x0000000008f89000 nmethod 4 0x0000000002c61090 code [0x0000000002c611c0, 0x0000000002c61338]
Event: 0.135 Thread 0x0000000008f81000    5             sun.security.provider.SHA::implCompress (491 bytes)
Event: 0.140 Thread 0x0000000008f89000    6             java.lang.CharacterData::of (120 bytes)
Event: 0.140 Thread 0x0000000008f89000 nmethod 6 0x0000000002c67c90 code [0x0000000002c67de0, 0x0000000002c67e98]
Event: 0.140 Thread 0x0000000008f89000    7             java.lang.CharacterDataLatin1::getProperties (11 bytes)
Event: 0.141 Thread 0x0000000008f89000 nmethod 7 0x0000000002c67f90 code [0x0000000002c680c0, 0x0000000002c68138]
Event: 0.149 Thread 0x0000000008f81000 nmethod 5 0x0000000002c65a50 code [0x0000000002c65ba0, 0x0000000002c66568]
Event: 0.151 Thread 0x0000000008f89000    8             java.lang.String::charAt (29 bytes)
Event: 0.152 Thread 0x0000000008f89000 nmethod 8 0x0000000002c68550 code [0x0000000002c68680, 0x0000000002c68718]

GC Heap History (0 events):
No events

Deoptimization events (0 events):
No events

Internal exceptions (5 events):
Event: 0.024 Thread 0x00000000029fd800 Threw 0x00000000eb4b61b0 at C:\jdk7u2_64p\jdk7u21\hotspot\src\share\vm\prims\jni.cpp:3994
Event: 0.058 Thread 0x00000000029fd800 Threw 0x00000000eb4fc538 at C:\jdk7u2_64p\jdk7u21\hotspot\src\share\vm\prims\jvm.cpp:1166
Event: 0.063 Thread 0x00000000029fd800 Threw 0x00000000eb501c40 at C:\jdk7u2_64p\jdk7u21\hotspot\src\share\vm\prims\jvm.cpp:1166
Event: 0.142 Thread 0x00000000029fd800 Threw 0x00000000eb5ce6f0 at C:\jdk7u2_64p\jdk7u21\hotspot\src\share\vm\prims\jvm.cpp:1166
Event: 0.144 Thread 0x00000000029fd800 Threw 0x00000000eb5d28f8 at C:\jdk7u2_64p\jdk7u21\hotspot\src\share\vm\prims\jvm.cpp:1166

Events (10 events):
Event: 0.143 loading class 0x0000000002bec9f0
Event: 0.143 loading class 0x0000000002bec9f0 done
Event: 0.143 loading class 0x0000000002b4a790
Event: 0.143 loading class 0x0000000002b4a790 done
Event: 0.144 loading class 0x000000000a9d61a0
Event: 0.144 loading class 0x000000000a9d61a0 done
Event: 0.150 loading class 0x0000000002b49660
Event: 0.150 loading class 0x0000000002b49660 done
Event: 0.151 loading class 0x0000000002becae0
Event: 0.151 loading class 0x0000000002becae0 done


Dynamic libraries:
0x000007f655ad0000 - 0x000007f655b03000 	C:\Program Files\Java\jre7\bin\javaw.exe
0x000007fc2a080000 - 0x000007fc2a240000 	C:\windows\SYSTEM32\ntdll.dll
0x000007fc27af0000 - 0x000007fc27c26000 	C:\windows\system32\KERNEL32.DLL
0x000007fc27010000 - 0x000007fc27103000 	C:\windows\system32\KERNELBASE.dll
0x000007fc29a50000 - 0x000007fc29b2e000 	C:\windows\system32\ADVAPI32.dll
0x000007fc29420000 - 0x000007fc2956c000 	C:\windows\system32\USER32.dll
0x000007fc24570000 - 0x000007fc247da000 	C:\windows\WinSxS\amd64_microsoft.windows.common-controls_6595b64144ccf1df_6.0.9200.16579_none_418ab7ef718b27ef\COMCTL32.dll
0x000007fc27550000 - 0x000007fc275f5000 	C:\windows\system32\msvcrt.dll
0x000007fc27aa0000 - 0x000007fc27ae8000 	C:\windows\SYSTEM32\sechost.dll
0x000007fc278f0000 - 0x000007fc27a30000 	C:\windows\system32\RPCRT4.dll
0x000007fc29900000 - 0x000007fc29a41000 	C:\windows\system32\GDI32.dll
0x000007fc29da0000 - 0x000007fc29dd9000 	C:\windows\system32\IMM32.DLL
0x000007fc29de0000 - 0x000007fc29ef5000 	C:\windows\system32\MSCTF.dll
0x000000006fef0000 - 0x000000006ffc1000 	C:\Program Files\Java\jre7\bin\msvcr100.dll
0x000000006f7c0000 - 0x000000006fee1000 	C:\Program Files\Java\jre7\bin\server\jvm.dll
0x000007fc24c00000 - 0x000007fc24c09000 	C:\windows\SYSTEM32\WSOCK32.dll
0x000007fc201e0000 - 0x000007fc20200000 	C:\windows\SYSTEM32\WINMM.dll
0x000007fc27c30000 - 0x000007fc27c37000 	C:\windows\system32\PSAPI.DLL
0x000007fc27890000 - 0x000007fc278e8000 	C:\windows\system32\WS2_32.dll
0x000007fc1fff0000 - 0x000007fc20022000 	C:\windows\SYSTEM32\WINMMBASE.dll
0x000007fc29b30000 - 0x000007fc29b39000 	C:\windows\system32\NSI.dll
0x000000006f7b0000 - 0x000000006f7bf000 	C:\Program Files\Java\jre7\bin\verify.dll
0x000000006f780000 - 0x000000006f7a8000 	C:\Program Files\Java\jre7\bin\java.dll
0x000000006f760000 - 0x000000006f775000 	C:\Program Files\Java\jre7\bin\zip.dll
0x000007fc1a180000 - 0x000007fc1a1a7000 	C:\Users\Arjun\Documents\GitHub\leapTouch\LeapJava.dll
0x000000006ffd0000 - 0x0000000070068000 	C:\windows\SYSTEM32\MSVCP100.dll

VM Arguments:
jvm_args: -Dfile.encoding=Cp1252 
java_command: Sample
Launcher Type: SUN_STANDARD

Environment Variables:
PATH=C:\Program Files (x86)\Intel\iCLS Client\;C:\Program Files\Intel\iCLS Client\;C:\windows\system32;C:\windows;C:\windows\System32\Wbem;C:\windows\System32\WindowsPowerShell\v1.0\;C:\Program Files\Intel\Intel(R) Management Engine Components\DAL;C:\Program Files\Intel\Intel(R) Management Engine Components\IPT;C:\Program Files (x86)\Intel\Intel(R) Management Engine Components\DAL;C:\Program Files (x86)\Intel\Intel(R) Management Engine Components\IPT;C:\Program Files (x86)\Intel\OpenCL SDK\2.0\bin\x86;C:\Program Files (x86)\Intel\OpenCL SDK\2.0\bin\x64;C:\Program Files (x86)\Windows Kits\8.0\Windows Performance Toolkit\;C:\Program Files\Microsoft SQL Server\110\Tools\Binn\;C:\Program Files (x86)\Google\google_appengine\
USERNAME=Arjun
OS=Windows_NT
PROCESSOR_IDENTIFIER=Intel64 Family 6 Model 58 Stepping 9, GenuineIntel



---------------  S Y S T E M  ---------------

OS: Windows 8 , 64 bit Build 9200 

CPU:total 4 (2 cores per cpu, 2 threads per core) family 6 model 58 stepping 9, cmov, cx8, fxsr, mmx, sse, sse2, sse3, ssse3, sse4.1, sse4.2, popcnt, avx, ht, tsc, tscinvbit, tscinv

Memory: 4k page, physical 4070676k(1644204k free), swap 4791572k(1831572k free)

vm_info: Java HotSpot(TM) 64-Bit Server VM (23.21-b01) for windows-amd64 JRE (1.7.0_21-b11), built on Apr  4 2013 08:11:28 by "java_re" with unknown MS VC++:1600

time: Sat Jul 27 21:45:17 2013
elapsed time: 0 seconds

